[2026-02-10T12:18:05.469+0000] {manager.py:470} INFO - Processing files using up to 2 processes at a time 
[2026-02-10T12:18:05.470+0000] {manager.py:471} INFO - Process each file at most once every 30 seconds
[2026-02-10T12:18:05.471+0000] {manager.py:472} INFO - Checking for new files in /opt/airflow/dags every 300 seconds
[2026-02-10T12:18:05.473+0000] {manager.py:737} INFO - Searching for files in /opt/airflow/dags
[2026-02-10T12:18:05.478+0000] {manager.py:740} INFO - There are 0 files in /opt/airflow/dags
[2026-02-10T12:23:05.922+0000] {manager.py:737} INFO - Searching for files in /opt/airflow/dags
[2026-02-10T12:23:05.929+0000] {manager.py:740} INFO - There are 0 files in /opt/airflow/dags
[2026-02-10T12:28:06.115+0000] {manager.py:737} INFO - Searching for files in /opt/airflow/dags
[2026-02-10T12:28:06.121+0000] {manager.py:740} INFO - There are 0 files in /opt/airflow/dags
[2026-02-10T12:33:06.643+0000] {manager.py:737} INFO - Searching for files in /opt/airflow/dags
[2026-02-10T12:33:06.648+0000] {manager.py:740} INFO - There are 0 files in /opt/airflow/dags
[2026-02-10T12:38:07.155+0000] {manager.py:737} INFO - Searching for files in /opt/airflow/dags
[2026-02-10T12:38:07.163+0000] {manager.py:740} INFO - There are 0 files in /opt/airflow/dags
[2026-02-10T12:43:07.897+0000] {manager.py:737} INFO - Searching for files in /opt/airflow/dags
[2026-02-10T12:43:07.903+0000] {manager.py:740} INFO - There are 0 files in /opt/airflow/dags
[2026-02-10T12:48:08.604+0000] {manager.py:737} INFO - Searching for files in /opt/airflow/dags
[2026-02-10T12:48:08.606+0000] {manager.py:740} INFO - There are 0 files in /opt/airflow/dags
[2026-02-10T12:53:09.000+0000] {manager.py:737} INFO - Searching for files in /opt/airflow/dags
[2026-02-10T12:53:09.005+0000] {manager.py:740} INFO - There are 0 files in /opt/airflow/dags
[2026-02-10T12:58:09.448+0000] {manager.py:737} INFO - Searching for files in /opt/airflow/dags
[2026-02-10T12:58:09.454+0000] {manager.py:740} INFO - There are 0 files in /opt/airflow/dags
[2026-02-10T13:03:10.155+0000] {manager.py:737} INFO - Searching for files in /opt/airflow/dags
[2026-02-10T13:03:10.160+0000] {manager.py:740} INFO - There are 0 files in /opt/airflow/dags
[2026-02-10T13:08:10.914+0000] {manager.py:737} INFO - Searching for files in /opt/airflow/dags
[2026-02-10T13:08:10.920+0000] {manager.py:740} INFO - There are 0 files in /opt/airflow/dags
[2026-02-10T13:13:11.417+0000] {manager.py:737} INFO - Searching for files in /opt/airflow/dags
[2026-02-10T13:13:11.420+0000] {manager.py:740} INFO - There are 0 files in /opt/airflow/dags
[2026-02-10T13:18:11.872+0000] {manager.py:737} INFO - Searching for files in /opt/airflow/dags
[2026-02-10T13:18:11.876+0000] {manager.py:740} INFO - There are 0 files in /opt/airflow/dags
[2026-02-10T13:23:12.430+0000] {manager.py:737} INFO - Searching for files in /opt/airflow/dags
[2026-02-10T13:23:12.433+0000] {manager.py:740} INFO - There are 0 files in /opt/airflow/dags
[2026-02-10T13:28:12.797+0000] {manager.py:737} INFO - Searching for files in /opt/airflow/dags
[2026-02-10T13:28:12.804+0000] {manager.py:740} INFO - There are 0 files in /opt/airflow/dags
[2026-02-10T13:33:13.737+0000] {manager.py:737} INFO - Searching for files in /opt/airflow/dags
[2026-02-10T13:33:13.741+0000] {manager.py:740} INFO - There are 0 files in /opt/airflow/dags
[2026-02-10T13:38:14.619+0000] {manager.py:737} INFO - Searching for files in /opt/airflow/dags
[2026-02-10T13:38:14.624+0000] {manager.py:740} INFO - There are 0 files in /opt/airflow/dags
[2026-02-10T13:43:15.211+0000] {manager.py:737} INFO - Searching for files in /opt/airflow/dags
[2026-02-10T13:43:15.216+0000] {manager.py:740} INFO - There are 0 files in /opt/airflow/dags
[2026-02-10T13:48:15.947+0000] {manager.py:737} INFO - Searching for files in /opt/airflow/dags
[2026-02-10T13:48:15.951+0000] {manager.py:740} INFO - There are 0 files in /opt/airflow/dags
[2026-02-10T13:53:16.466+0000] {manager.py:737} INFO - Searching for files in /opt/airflow/dags
[2026-02-10T13:53:16.469+0000] {manager.py:740} INFO - There are 0 files in /opt/airflow/dags
[2026-02-10T13:58:17.145+0000] {manager.py:737} INFO - Searching for files in /opt/airflow/dags
[2026-02-10T13:58:17.148+0000] {manager.py:740} INFO - There are 0 files in /opt/airflow/dags
[2026-02-10T14:03:18.096+0000] {manager.py:737} INFO - Searching for files in /opt/airflow/dags
[2026-02-10T14:03:18.100+0000] {manager.py:740} INFO - There are 0 files in /opt/airflow/dags
[2026-02-10T14:08:18.876+0000] {manager.py:737} INFO - Searching for files in /opt/airflow/dags
[2026-02-10T14:08:18.879+0000] {manager.py:740} INFO - There are 0 files in /opt/airflow/dags
[2026-02-10T14:13:19.380+0000] {manager.py:737} INFO - Searching for files in /opt/airflow/dags
[2026-02-10T14:13:19.383+0000] {manager.py:740} INFO - There are 0 files in /opt/airflow/dags
[2026-02-10T14:18:19.437+0000] {manager.py:737} INFO - Searching for files in /opt/airflow/dags
[2026-02-10T14:18:19.442+0000] {manager.py:740} INFO - There are 0 files in /opt/airflow/dags
[2026-02-10T14:23:19.996+0000] {manager.py:737} INFO - Searching for files in /opt/airflow/dags
[2026-02-10T14:23:20.001+0000] {manager.py:740} INFO - There are 0 files in /opt/airflow/dags
[2026-02-10T14:28:20.762+0000] {manager.py:737} INFO - Searching for files in /opt/airflow/dags
[2026-02-10T14:28:20.767+0000] {manager.py:740} INFO - There are 0 files in /opt/airflow/dags
[2026-02-10T14:33:21.618+0000] {manager.py:737} INFO - Searching for files in /opt/airflow/dags
[2026-02-10T14:33:21.620+0000] {manager.py:740} INFO - There are 0 files in /opt/airflow/dags
[2026-02-10T14:38:22.318+0000] {manager.py:737} INFO - Searching for files in /opt/airflow/dags
[2026-02-10T14:38:22.323+0000] {manager.py:740} INFO - There are 0 files in /opt/airflow/dags
[2026-02-10T14:43:23.045+0000] {manager.py:737} INFO - Searching for files in /opt/airflow/dags
[2026-02-10T14:43:23.048+0000] {manager.py:740} INFO - There are 0 files in /opt/airflow/dags
[2026-02-10T14:48:23.810+0000] {manager.py:737} INFO - Searching for files in /opt/airflow/dags
[2026-02-10T14:48:23.815+0000] {manager.py:740} INFO - There are 0 files in /opt/airflow/dags
[2026-02-10T14:53:24.703+0000] {manager.py:737} INFO - Searching for files in /opt/airflow/dags
[2026-02-10T14:53:24.711+0000] {manager.py:740} INFO - There are 0 files in /opt/airflow/dags
[2026-02-10T14:58:25.309+0000] {manager.py:737} INFO - Searching for files in /opt/airflow/dags
[2026-02-10T14:58:25.315+0000] {manager.py:740} INFO - There are 0 files in /opt/airflow/dags
[2026-02-10T15:03:25.461+0000] {manager.py:737} INFO - Searching for files in /opt/airflow/dags
[2026-02-10T15:03:25.467+0000] {manager.py:740} INFO - There are 0 files in /opt/airflow/dags
[2026-02-10T15:08:25.628+0000] {manager.py:737} INFO - Searching for files in /opt/airflow/dags
[2026-02-10T15:08:25.634+0000] {manager.py:740} INFO - There are 0 files in /opt/airflow/dags
[2026-02-10T15:13:25.906+0000] {manager.py:737} INFO - Searching for files in /opt/airflow/dags
[2026-02-10T15:13:25.910+0000] {manager.py:740} INFO - There are 0 files in /opt/airflow/dags
[2026-02-10T15:18:26.527+0000] {manager.py:737} INFO - Searching for files in /opt/airflow/dags
[2026-02-10T15:18:26.533+0000] {manager.py:740} INFO - There are 0 files in /opt/airflow/dags
[2026-02-10T15:23:26.961+0000] {manager.py:737} INFO - Searching for files in /opt/airflow/dags
[2026-02-10T15:23:26.965+0000] {manager.py:740} INFO - There are 0 files in /opt/airflow/dags
[2026-02-10T15:28:27.828+0000] {manager.py:737} INFO - Searching for files in /opt/airflow/dags
[2026-02-10T15:28:27.833+0000] {manager.py:740} INFO - There are 0 files in /opt/airflow/dags
[2026-02-10T15:33:28.280+0000] {manager.py:737} INFO - Searching for files in /opt/airflow/dags
[2026-02-10T15:33:28.283+0000] {manager.py:740} INFO - There are 0 files in /opt/airflow/dags
[2026-02-10T15:38:28.704+0000] {manager.py:737} INFO - Searching for files in /opt/airflow/dags
[2026-02-10T15:38:28.713+0000] {manager.py:740} INFO - There are 0 files in /opt/airflow/dags
[2026-02-10T15:43:28.871+0000] {manager.py:737} INFO - Searching for files in /opt/airflow/dags
[2026-02-10T15:43:28.876+0000] {manager.py:740} INFO - There are 0 files in /opt/airflow/dags
[2026-02-10T15:48:29.598+0000] {manager.py:737} INFO - Searching for files in /opt/airflow/dags
[2026-02-10T15:48:29.601+0000] {manager.py:740} INFO - There are 0 files in /opt/airflow/dags
[2026-02-10T15:53:30.345+0000] {manager.py:737} INFO - Searching for files in /opt/airflow/dags
[2026-02-10T15:53:30.351+0000] {manager.py:740} INFO - There are 0 files in /opt/airflow/dags
[2026-02-10T15:58:31.336+0000] {manager.py:737} INFO - Searching for files in /opt/airflow/dags
[2026-02-10T15:58:31.340+0000] {manager.py:740} INFO - There are 0 files in /opt/airflow/dags
[2026-02-10T16:03:31.830+0000] {manager.py:737} INFO - Searching for files in /opt/airflow/dags
[2026-02-10T16:03:31.834+0000] {manager.py:740} INFO - There are 0 files in /opt/airflow/dags
[2026-02-10T16:08:32.360+0000] {manager.py:737} INFO - Searching for files in /opt/airflow/dags
[2026-02-10T16:08:32.367+0000] {manager.py:740} INFO - There are 0 files in /opt/airflow/dags
[2026-02-10T16:13:32.792+0000] {manager.py:737} INFO - Searching for files in /opt/airflow/dags
[2026-02-10T16:13:32.799+0000] {manager.py:740} INFO - There are 0 files in /opt/airflow/dags
[2026-02-10T16:18:33.521+0000] {manager.py:737} INFO - Searching for files in /opt/airflow/dags
[2026-02-10T16:18:33.527+0000] {manager.py:740} INFO - There are 0 files in /opt/airflow/dags
[2026-02-10T16:23:34.195+0000] {manager.py:737} INFO - Searching for files in /opt/airflow/dags
[2026-02-10T16:23:34.201+0000] {manager.py:740} INFO - There are 0 files in /opt/airflow/dags
[2026-02-10T16:28:34.879+0000] {manager.py:737} INFO - Searching for files in /opt/airflow/dags
[2026-02-10T16:28:34.886+0000] {manager.py:740} INFO - There are 0 files in /opt/airflow/dags
[2026-02-10T16:33:34.920+0000] {manager.py:737} INFO - Searching for files in /opt/airflow/dags
[2026-02-10T16:33:34.925+0000] {manager.py:740} INFO - There are 0 files in /opt/airflow/dags
[2026-02-10T16:38:35.083+0000] {manager.py:737} INFO - Searching for files in /opt/airflow/dags
[2026-02-10T16:38:35.086+0000] {manager.py:740} INFO - There are 0 files in /opt/airflow/dags
[2026-02-10T16:43:35.982+0000] {manager.py:737} INFO - Searching for files in /opt/airflow/dags
[2026-02-10T16:43:35.986+0000] {manager.py:740} INFO - There are 0 files in /opt/airflow/dags
[2026-02-10T16:48:36.941+0000] {manager.py:737} INFO - Searching for files in /opt/airflow/dags
[2026-02-10T16:48:36.948+0000] {manager.py:740} INFO - There are 0 files in /opt/airflow/dags
[2026-02-10T16:53:37.687+0000] {manager.py:737} INFO - Searching for files in /opt/airflow/dags
[2026-02-10T16:53:37.690+0000] {manager.py:740} INFO - There are 0 files in /opt/airflow/dags
[2026-02-10T16:58:38.346+0000] {manager.py:737} INFO - Searching for files in /opt/airflow/dags
[2026-02-10T16:58:38.352+0000] {manager.py:740} INFO - There are 0 files in /opt/airflow/dags
[2026-02-10T17:03:38.687+0000] {manager.py:737} INFO - Searching for files in /opt/airflow/dags
[2026-02-10T17:03:38.690+0000] {manager.py:740} INFO - There are 0 files in /opt/airflow/dags
[2026-02-10T17:08:38.969+0000] {manager.py:737} INFO - Searching for files in /opt/airflow/dags
[2026-02-10T17:08:38.973+0000] {manager.py:740} INFO - There are 0 files in /opt/airflow/dags
[2026-02-10T17:13:39.319+0000] {manager.py:737} INFO - Searching for files in /opt/airflow/dags
[2026-02-10T17:13:39.325+0000] {manager.py:740} INFO - There are 0 files in /opt/airflow/dags
[2026-02-10T17:18:39.607+0000] {manager.py:737} INFO - Searching for files in /opt/airflow/dags
[2026-02-10T17:18:39.613+0000] {manager.py:740} INFO - There are 0 files in /opt/airflow/dags
[2026-02-10T17:23:39.613+0000] {manager.py:737} INFO - Searching for files in /opt/airflow/dags
[2026-02-10T17:23:39.620+0000] {manager.py:740} INFO - There are 0 files in /opt/airflow/dags
[2026-02-10T17:28:40.343+0000] {manager.py:737} INFO - Searching for files in /opt/airflow/dags
[2026-02-10T17:28:40.347+0000] {manager.py:740} INFO - There are 0 files in /opt/airflow/dags
[2026-02-10T17:33:40.667+0000] {manager.py:737} INFO - Searching for files in /opt/airflow/dags
[2026-02-10T17:33:40.676+0000] {manager.py:740} INFO - There are 0 files in /opt/airflow/dags
[2026-02-10T17:38:41.101+0000] {manager.py:737} INFO - Searching for files in /opt/airflow/dags
[2026-02-10T17:38:41.106+0000] {manager.py:740} INFO - There are 0 files in /opt/airflow/dags
[2026-02-10T17:43:42.010+0000] {manager.py:737} INFO - Searching for files in /opt/airflow/dags
[2026-02-10T17:43:42.016+0000] {manager.py:740} INFO - There are 0 files in /opt/airflow/dags
[2026-02-10T17:48:42.159+0000] {manager.py:737} INFO - Searching for files in /opt/airflow/dags
[2026-02-10T17:48:42.164+0000] {manager.py:740} INFO - There are 0 files in /opt/airflow/dags
[2026-02-10T17:53:42.651+0000] {manager.py:737} INFO - Searching for files in /opt/airflow/dags
[2026-02-10T17:53:42.657+0000] {manager.py:740} INFO - There are 0 files in /opt/airflow/dags
[2026-02-10T17:58:43.180+0000] {manager.py:737} INFO - Searching for files in /opt/airflow/dags
[2026-02-10T17:58:43.186+0000] {manager.py:740} INFO - There are 0 files in /opt/airflow/dags
[2026-02-10T18:03:43.491+0000] {manager.py:737} INFO - Searching for files in /opt/airflow/dags
[2026-02-10T18:03:43.497+0000] {manager.py:740} INFO - There are 0 files in /opt/airflow/dags
[2026-02-10T18:08:43.802+0000] {manager.py:737} INFO - Searching for files in /opt/airflow/dags
[2026-02-10T18:08:43.811+0000] {manager.py:740} INFO - There are 0 files in /opt/airflow/dags
